2014/03/11 11:42:08 [error] [php] Undefined variable: divisions (D:\xampp\htdocs\hrdc\hr\themes\hr\views\humanResources\admin.php:37)
Stack trace:
#0 D:\xampp\htdocs\hrdc\framework\web\CController.php(869): HumanResourcesController->renderFile()
#1 D:\xampp\htdocs\hrdc\framework\web\CController.php(782): HumanResourcesController->renderPartial()
#2 D:\xampp\htdocs\hrdc\hr\protected\controllers\HumanResourcesController.php(89): HumanResourcesController->render()
#3 D:\xampp\htdocs\hrdc\framework\web\actions\CInlineAction.php(49): HumanResourcesController->actionAdmin()
#4 D:\xampp\htdocs\hrdc\framework\web\CController.php(308): CInlineAction->runWithParams()
#5 D:\xampp\htdocs\hrdc\framework\web\CController.php(286): HumanResourcesController->runAction()
#6 D:\xampp\htdocs\hrdc\framework\web\CController.php(265): HumanResourcesController->runActionWithFilters()
#7 D:\xampp\htdocs\hrdc\framework\web\CWebApplication.php(282): HumanResourcesController->run()
#8 D:\xampp\htdocs\hrdc\framework\web\CWebApplication.php(141): CWebApplication->runController()
#9 D:\xampp\htdocs\hrdc\framework\base\CApplication.php(180): CWebApplication->processRequest()
#10 D:\xampp\htdocs\hrdc\hr\index.php(13): CWebApplication->run()
REQUEST_URI=/hrdc/hr/humanresources/admin
in D:\xampp\htdocs\hrdc\hr\themes\hr\views\humanResources\admin.php (37)
in D:\xampp\htdocs\hrdc\hr\protected\controllers\HumanResourcesController.php (89)
in D:\xampp\htdocs\hrdc\hr\index.php (13)
2014/03/11 11:42:32 [error] [php] Undefined variable: divisions (D:\xampp\htdocs\hrdc\hr\themes\hr\views\humanResources\_search.php:20)
Stack trace:
#0 D:\xampp\htdocs\hrdc\framework\web\CController.php(869): HumanResourcesController->renderFile()
#1 D:\xampp\htdocs\hrdc\hr\themes\hr\views\humanResources\admin.php(36): HumanResourcesController->renderPartial()
#2 D:\xampp\htdocs\hrdc\framework\web\CBaseController.php(126): require()
#3 D:\xampp\htdocs\hrdc\framework\web\CBaseController.php(95): HumanResourcesController->renderInternal()
#4 D:\xampp\htdocs\hrdc\framework\web\CController.php(869): HumanResourcesController->renderFile()
#5 D:\xampp\htdocs\hrdc\framework\web\CController.php(782): HumanResourcesController->renderPartial()
#6 D:\xampp\htdocs\hrdc\hr\protected\controllers\HumanResourcesController.php(89): HumanResourcesController->render()
#7 D:\xampp\htdocs\hrdc\framework\web\actions\CInlineAction.php(49): HumanResourcesController->actionAdmin()
#8 D:\xampp\htdocs\hrdc\framework\web\CController.php(308): CInlineAction->runWithParams()
#9 D:\xampp\htdocs\hrdc\framework\web\CController.php(286): HumanResourcesController->runAction()
#10 D:\xampp\htdocs\hrdc\framework\web\CController.php(265): HumanResourcesController->runActionWithFilters()
#11 D:\xampp\htdocs\hrdc\framework\web\CWebApplication.php(282): HumanResourcesController->run()
#12 D:\xampp\htdocs\hrdc\framework\web\CWebApplication.php(141): CWebApplication->runController()
#13 D:\xampp\htdocs\hrdc\framework\base\CApplication.php(180): CWebApplication->processRequest()
#14 D:\xampp\htdocs\hrdc\hr\index.php(13): CWebApplication->run()
REQUEST_URI=/hrdc/hr/humanresources/admin
in D:\xampp\htdocs\hrdc\hr\themes\hr\views\humanResources\_search.php (20)
in D:\xampp\htdocs\hrdc\hr\themes\hr\views\humanResources\admin.php (36)
in D:\xampp\htdocs\hrdc\hr\protected\controllers\HumanResourcesController.php (89)
in D:\xampp\htdocs\hrdc\hr\index.php (13)
2014/03/20 17:18:36 [error] [php] Only variables should be assigned by reference (D:\xampp\htdocs\hrdc\hr\protected\controllers\ProjectsController.php:121)
Stack trace:
#0 D:\xampp\htdocs\hrdc\framework\web\CController.php(286): ProjectsController->runAction()
#1 D:\xampp\htdocs\hrdc\framework\web\CController.php(265): ProjectsController->runActionWithFilters()
#2 D:\xampp\htdocs\hrdc\framework\web\CWebApplication.php(282): ProjectsController->run()
#3 D:\xampp\htdocs\hrdc\framework\web\CWebApplication.php(141): CWebApplication->runController()
#4 D:\xampp\htdocs\hrdc\framework\base\CApplication.php(180): CWebApplication->processRequest()
#5 D:\xampp\htdocs\hrdc\hr\index.php(13): CWebApplication->run()
REQUEST_URI=/hrdc/hr/resourceallocation/updateWorkingTime
in D:\xampp\htdocs\hrdc\hr\protected\controllers\ProjectsController.php (121)
in D:\xampp\htdocs\hrdc\hr\index.php (13)
2014/03/21 10:36:23 [error] [exception.CHttpException.404] exception 'CHttpException' with message 'Unable to resolve the request "images/projects/defaults/logo-project.png".' in D:\xampp\htdocs\hrdc\framework\web\CWebApplication.php:286
Stack trace:
#0 D:\xampp\htdocs\hrdc\framework\web\CWebApplication.php(141): CWebApplication->runController('images/projects...')
#1 D:\xampp\htdocs\hrdc\framework\base\CApplication.php(180): CWebApplication->processRequest()
#2 D:\xampp\htdocs\hrdc\hr\index.php(13): CApplication->run()
#3 {main}
REQUEST_URI=/hrdc/hr/images/projects/defaults/logo-project.png
HTTP_REFERER=http://localhost/hrdc/hr/resourceallocation/index
---
2014/03/21 15:50:20 [error] [php] Trying to get property of non-object (D:\xampp\htdocs\hrdc\hr\protected\components\ModelHelper.php:54)
Stack trace:
#0 D:\xampp\htdocs\hrdc\framework\web\CBaseController.php(130): require()
#1 D:\xampp\htdocs\hrdc\framework\web\CBaseController.php(95): ProjectsController->renderInternal()
#2 D:\xampp\htdocs\hrdc\framework\zii\widgets\CListView.php(291): ProjectsController->renderFile()
#3 D:\xampp\htdocs\hrdc\framework\zii\widgets\CBaseListView.php(167): CListView->renderItems()
#4 unknown(0): CListView->renderSection()
#5 D:\xampp\htdocs\hrdc\framework\zii\widgets\CBaseListView.php(150): preg_replace_callback()
#6 D:\xampp\htdocs\hrdc\framework\zii\widgets\CBaseListView.php(135): CListView->renderContent()
#7 D:\xampp\htdocs\hrdc\framework\web\CBaseController.php(173): CListView->run()
#8 D:\xampp\htdocs\hrdc\hr\themes\hr\views\projects\index.php(36): ProjectsController->widget()
#9 D:\xampp\htdocs\hrdc\framework\web\CBaseController.php(126): require()
#10 D:\xampp\htdocs\hrdc\framework\web\CBaseController.php(95): ProjectsController->renderInternal()
#11 D:\xampp\htdocs\hrdc\framework\web\CController.php(869): ProjectsController->renderFile()
#12 D:\xampp\htdocs\hrdc\framework\web\CController.php(782): ProjectsController->renderPartial()
#13 D:\xampp\htdocs\hrdc\hr\protected\controllers\ProjectsController.php(71): ProjectsController->render()
#14 D:\xampp\htdocs\hrdc\framework\web\actions\CInlineAction.php(49): ProjectsController->actionIndex()
#15 D:\xampp\htdocs\hrdc\framework\web\CController.php(308): CInlineAction->runWithParams()
#16 D:\xampp\htdocs\hrdc\framework\web\CController.php(286): ProjectsController->runAction()
#17 D:\xampp\htdocs\hrdc\framework\web\CController.php(265): ProjectsController->runActionWithFilters()
#18 D:\xampp\htdocs\hrdc\framework\web\CWebApplication.php(282): ProjectsController->run()
#19 D:\xampp\htdocs\hrdc\framework\web\CWebApplication.php(141): CWebApplication->runController()
#20 D:\xampp\htdocs\hrdc\framework\base\CApplication.php(180): CWebApplication->processRequest()
#21 D:\xampp\htdocs\hrdc\hr\index.php(13): CWebApplication->run()
REQUEST_URI=/hrdc/hr/resourceallocation/index
in D:\xampp\htdocs\hrdc\hr\protected\components\ModelHelper.php (54)
in D:\xampp\htdocs\hrdc\hr\protected\components\ViewHelper.php (113)
in D:\xampp\htdocs\hrdc\hr\themes\hr\views\projects\_view.php (2)
in D:\xampp\htdocs\hrdc\hr\themes\hr\views\projects\index.php (36)
2014/03/21 15:57:07 [error] [php] Undefined variable: resources (D:\xampp\htdocs\hrdc\hr\protected\components\ViewHelper.php:122)
Stack trace:
#0 D:\xampp\htdocs\hrdc\framework\web\CBaseController.php(95): ProjectsController->renderInternal()
#1 D:\xampp\htdocs\hrdc\framework\zii\widgets\CListView.php(291): ProjectsController->renderFile()
#2 D:\xampp\htdocs\hrdc\framework\zii\widgets\CBaseListView.php(167): CListView->renderItems()
#3 unknown(0): CListView->renderSection()
#4 D:\xampp\htdocs\hrdc\framework\zii\widgets\CBaseListView.php(150): preg_replace_callback()
#5 D:\xampp\htdocs\hrdc\framework\zii\widgets\CBaseListView.php(135): CListView->renderContent()
#6 D:\xampp\htdocs\hrdc\framework\web\CBaseController.php(173): CListView->run()
#7 D:\xampp\htdocs\hrdc\hr\themes\hr\views\projects\index.php(36): ProjectsController->widget()
#8 D:\xampp\htdocs\hrdc\framework\web\CBaseController.php(126): require()
#9 D:\xampp\htdocs\hrdc\framework\web\CBaseController.php(95): ProjectsController->renderInternal()
#10 D:\xampp\htdocs\hrdc\framework\web\CController.php(869): ProjectsController->renderFile()
#11 D:\xampp\htdocs\hrdc\framework\web\CController.php(782): ProjectsController->renderPartial()
#12 D:\xampp\htdocs\hrdc\hr\protected\controllers\ProjectsController.php(71): ProjectsController->render()
#13 D:\xampp\htdocs\hrdc\framework\web\actions\CInlineAction.php(49): ProjectsController->actionIndex()
#14 D:\xampp\htdocs\hrdc\framework\web\CController.php(308): CInlineAction->runWithParams()
#15 D:\xampp\htdocs\hrdc\framework\web\CController.php(286): ProjectsController->runAction()
#16 D:\xampp\htdocs\hrdc\framework\web\CController.php(265): ProjectsController->runActionWithFilters()
#17 D:\xampp\htdocs\hrdc\framework\web\CWebApplication.php(282): ProjectsController->run()
#18 D:\xampp\htdocs\hrdc\framework\web\CWebApplication.php(141): CWebApplication->runController()
#19 D:\xampp\htdocs\hrdc\framework\base\CApplication.php(180): CWebApplication->processRequest()
#20 D:\xampp\htdocs\hrdc\hr\index.php(13): CWebApplication->run()
REQUEST_URI=/hrdc/hr/resourceallocation/index
in D:\xampp\htdocs\hrdc\hr\protected\components\ViewHelper.php (122)
in D:\xampp\htdocs\hrdc\hr\themes\hr\views\projects\_view.php (2)
in D:\xampp\htdocs\hrdc\hr\themes\hr\views\projects\index.php (36)
in D:\xampp\htdocs\hrdc\hr\protected\controllers\ProjectsController.php (71)
2014/03/25 11:39:42 [error] [system.db.CDbCommand] CDbCommand::fetchAll() failed: SQLSTATE[42S02]: Base table or view not found: 1146 Table 'hrdc.tbl_user' doesn't exist. The SQL statement executed was: SHOW FULL COLUMNS FROM `tbl_user`.
in D:\xampp\htdocs\hrdc\hr\index.php (13)
2014/03/25 11:39:42 [error] [exception.CDbException] exception 'CDbException' with message 'The table "tbl_user" for active record class "TblUser" cannot be found in the database.' in D:\xampp\htdocs\hrdc\framework\db\ar\CActiveRecord.php:2362
Stack trace:
#0 D:\xampp\htdocs\hrdc\framework\db\ar\CActiveRecord.php(411): CActiveRecordMetaData->__construct(Object(TblUser))
#1 D:\xampp\htdocs\hrdc\framework\db\ar\CActiveRecord.php(138): CActiveRecord->getMetaData()
#2 D:\xampp\htdocs\hrdc\framework\gii\generators\crud\CrudCode.php(66): CActiveRecord->__get('tableSchema')
#3 D:\xampp\htdocs\hrdc\framework\validators\CInlineValidator.php(42): CrudCode->validateModel('model', Array)
#4 D:\xampp\htdocs\hrdc\framework\validators\CValidator.php(213): CInlineValidator->validateAttribute(Object(GiixCrudCode), 'model')
#5 D:\xampp\htdocs\hrdc\framework\base\CModel.php(159): CValidator->validate(Object(GiixCrudCode), NULL)
#6 D:\xampp\htdocs\hrdc\framework\gii\CCodeGenerator.php(159): CModel->validate()
#7 D:\xampp\htdocs\hrdc\framework\gii\CCodeGenerator.php(63): CCodeGenerator->prepare()
#8 D:\xampp\htdocs\hrdc\framework\web\actions\CInlineAction.php(49): CCodeGenerator->actionIndex()
#9 D:\xampp\htdocs\hrdc\framework\web\CController.php(308): CInlineAction->runWithParams(Array)
#10 D:\xampp\htdocs\hrdc\framework\web\CController.php(286): CController->runAction(Object(CInlineAction))
#11 D:\xampp\htdocs\hrdc\framework\web\CController.php(265): CController->runActionWithFilters(Object(CInlineAction), Array)
#12 D:\xampp\htdocs\hrdc\framework\web\CWebApplication.php(282): CController->run('index')
#13 D:\xampp\htdocs\hrdc\framework\web\CWebApplication.php(141): CWebApplication->runController('gii/giixCrud/in...')
#14 D:\xampp\htdocs\hrdc\framework\base\CApplication.php(180): CWebApplication->processRequest()
#15 D:\xampp\htdocs\hrdc\hr\index.php(13): CApplication->run()
#16 {main}
REQUEST_URI=/hrdc/hr/gii/giixCrud/index
HTTP_REFERER=http://localhost/hrdc/hr/gii/giixCrud/index
---
2014/03/27 14:41:14 [error] [exception.CHttpException.404] exception 'CHttpException' with message 'Unable to resolve the request "humanResource/quickSearch".' in D:\xampp\htdocs\hrdc\framework\web\CWebApplication.php:286
Stack trace:
#0 D:\xampp\htdocs\hrdc\framework\web\CWebApplication.php(141): CWebApplication->runController('humanResource/q...')
#1 D:\xampp\htdocs\hrdc\framework\base\CApplication.php(180): CWebApplication->processRequest()
#2 D:\xampp\htdocs\hrdc\hr\index.php(13): CApplication->run()
#3 {main}
REQUEST_URI=/hrdc/hr/humanResource/quickSearch?q=z&limit=10&offset=0&_=1395906074429
HTTP_REFERER=http://localhost/hrdc/hr/users/admin
---
