2014/01/02 15:36:56 [error] [exception.CDbException] exception 'CDbException' with message 'CDbConnection failed to open the DB connection: could not find driver' in /var/www/setaflow/framework/db/CDbConnection.php:382
Stack trace:
#0 /var/www/setaflow/framework/db/CDbConnection.php(330): CDbConnection->open()
#1 /var/www/setaflow/framework/db/CDbConnection.php(308): CDbConnection->setActive(true)
#2 /var/www/setaflow/framework/base/CModule.php(387): CDbConnection->init()
#3 /var/www/setaflow/framework/base/CModule.php(103): CModule->getComponent('db')
#4 /var/www/setaflow/framework/gii/generators/model/ModelCode.php(60): CModule->__get('db')
#5 /var/www/setaflow/framework/web/CFormModel.php(39): ModelCode->init()
#6 /var/www/setaflow/framework/gii/CCodeGenerator.php(153): CFormModel->__construct()
#7 /var/www/setaflow/framework/gii/CCodeGenerator.php(63): CCodeGenerator->prepare()
#8 /var/www/setaflow/framework/web/actions/CInlineAction.php(49): CCodeGenerator->actionIndex()
#9 /var/www/setaflow/framework/web/CController.php(308): CInlineAction->runWithParams(Array)
#10 /var/www/setaflow/framework/web/CController.php(286): CController->runAction(Object(CInlineAction))
#11 /var/www/setaflow/framework/web/CController.php(265): CController->runActionWithFilters(Object(CInlineAction), Array)
#12 /var/www/setaflow/framework/web/CWebApplication.php(282): CController->run('index')
#13 /var/www/setaflow/framework/web/CWebApplication.php(141): CWebApplication->runController('gii/giixModel/i...')
#14 /var/www/setaflow/framework/base/CApplication.php(180): CWebApplication->processRequest()
#15 /var/www/setaflow/app/index.php(13): CApplication->run()
#16 {main}
REQUEST_URI=/setaflow/app/index.php/gii/giixModel/index
HTTP_REFERER=http://localhost/setaflow/app/index.php/gii/default/index
---
2014/01/02 15:58:17 [error] [exception.CHttpException.404] exception 'CHttpException' with message 'The requested view "forms" was not found.' in /var/www/setaflow/framework/web/actions/CViewAction.php:112
Stack trace:
#0 /var/www/setaflow/framework/web/actions/CViewAction.php(123): CViewAction->resolveView('forms')
#1 /var/www/setaflow/framework/web/actions/CAction.php(76): CViewAction->run()
#2 /var/www/setaflow/framework/web/CController.php(308): CAction->runWithParams(Array)
#3 /var/www/setaflow/framework/web/CController.php(286): CController->runAction(Object(CViewAction))
#4 /var/www/setaflow/framework/web/CController.php(265): CController->runActionWithFilters(Object(CViewAction), Array)
#5 /var/www/setaflow/framework/web/CWebApplication.php(282): CController->run('page')
#6 /var/www/setaflow/framework/web/CWebApplication.php(141): CWebApplication->runController('site/page')
#7 /var/www/setaflow/framework/base/CApplication.php(180): CWebApplication->processRequest()
#8 /var/www/setaflow/app/index.php(13): CApplication->run()
#9 {main}
REQUEST_URI=/setaflow/app/index.php/site/page?view=forms
HTTP_REFERER=http://localhost/setaflow/app/index.php/site/page?view=tables
---
2014/01/02 16:29:28 [error] [exception.CHttpException.404] exception 'CHttpException' with message 'The system is unable to find the requested action "img".' in /var/www/setaflow/framework/web/CController.php:483
Stack trace:
#0 /var/www/setaflow/framework/web/CController.php(270): CController->missingAction('img')
#1 /var/www/setaflow/framework/web/CWebApplication.php(282): CController->run('img')
#2 /var/www/setaflow/framework/web/CWebApplication.php(141): CWebApplication->runController('tblUser/img/blo...')
#3 /var/www/setaflow/framework/base/CApplication.php(180): CWebApplication->processRequest()
#4 /var/www/setaflow/app/index.php(13): CApplication->run()
#5 {main}
REQUEST_URI=/setaflow/app/index.php/tblUser/img/blog/small2.jpg
HTTP_REFERER=http://localhost/setaflow/app/index.php/tblUser/admin
---
2014/01/02 16:29:28 [error] [exception.CHttpException.404] exception 'CHttpException' with message 'The system is unable to find the requested action "img".' in /var/www/setaflow/framework/web/CController.php:483
Stack trace:
#0 /var/www/setaflow/framework/web/CController.php(270): CController->missingAction('img')
#1 /var/www/setaflow/framework/web/CWebApplication.php(282): CController->run('img')
#2 /var/www/setaflow/framework/web/CWebApplication.php(141): CWebApplication->runController('tblUser/img/blo...')
#3 /var/www/setaflow/framework/base/CApplication.php(180): CWebApplication->processRequest()
#4 /var/www/setaflow/app/index.php(13): CApplication->run()
#5 {main}
REQUEST_URI=/setaflow/app/index.php/tblUser/img/blog/small4.jpg
HTTP_REFERER=http://localhost/setaflow/app/index.php/tblUser/admin
---
2014/01/02 16:29:28 [error] [exception.CHttpException.404] exception 'CHttpException' with message 'The system is unable to find the requested action "img".' in /var/www/setaflow/framework/web/CController.php:483
Stack trace:
#0 /var/www/setaflow/framework/web/CController.php(270): CController->missingAction('img')
#1 /var/www/setaflow/framework/web/CWebApplication.php(282): CController->run('img')
#2 /var/www/setaflow/framework/web/CWebApplication.php(141): CWebApplication->runController('tblUser/img/blo...')
#3 /var/www/setaflow/framework/base/CApplication.php(180): CWebApplication->processRequest()
#4 /var/www/setaflow/app/index.php(13): CApplication->run()
#5 {main}
REQUEST_URI=/setaflow/app/index.php/tblUser/img/blog/small1.jpg
HTTP_REFERER=http://localhost/setaflow/app/index.php/tblUser/admin
---
2014/01/02 16:29:28 [error] [exception.CHttpException.404] exception 'CHttpException' with message 'The system is unable to find the requested action "img".' in /var/www/setaflow/framework/web/CController.php:483
Stack trace:
#0 /var/www/setaflow/framework/web/CController.php(270): CController->missingAction('img')
#1 /var/www/setaflow/framework/web/CWebApplication.php(282): CController->run('img')
#2 /var/www/setaflow/framework/web/CWebApplication.php(141): CWebApplication->runController('tblUser/img/blo...')
#3 /var/www/setaflow/framework/base/CApplication.php(180): CWebApplication->processRequest()
#4 /var/www/setaflow/app/index.php(13): CApplication->run()
#5 {main}
REQUEST_URI=/setaflow/app/index.php/tblUser/img/blog/small3.jpg
HTTP_REFERER=http://localhost/setaflow/app/index.php/tblUser/admin
---
2014/01/02 16:29:28 [error] [exception.CHttpException.404] exception 'CHttpException' with message 'The system is unable to find the requested action "img".' in /var/www/setaflow/framework/web/CController.php:483
Stack trace:
#0 /var/www/setaflow/framework/web/CController.php(270): CController->missingAction('img')
#1 /var/www/setaflow/framework/web/CWebApplication.php(282): CController->run('img')
#2 /var/www/setaflow/framework/web/CWebApplication.php(141): CWebApplication->runController('tblUser/img/blo...')
#3 /var/www/setaflow/framework/base/CApplication.php(180): CWebApplication->processRequest()
#4 /var/www/setaflow/app/index.php(13): CApplication->run()
#5 {main}
REQUEST_URI=/setaflow/app/index.php/tblUser/img/blog/small5.jpg
HTTP_REFERER=http://localhost/setaflow/app/index.php/tblUser/admin
---
2014/01/02 16:29:28 [error] [exception.CHttpException.404] exception 'CHttpException' with message 'The system is unable to find the requested action "img".' in /var/www/setaflow/framework/web/CController.php:483
Stack trace:
#0 /var/www/setaflow/framework/web/CController.php(270): CController->missingAction('img')
#1 /var/www/setaflow/framework/web/CWebApplication.php(282): CController->run('img')
#2 /var/www/setaflow/framework/web/CWebApplication.php(141): CWebApplication->runController('tblUser/img/blo...')
#3 /var/www/setaflow/framework/base/CApplication.php(180): CWebApplication->processRequest()
#4 /var/www/setaflow/app/index.php(13): CApplication->run()
#5 {main}
REQUEST_URI=/setaflow/app/index.php/tblUser/img/blog/small2.jpg
HTTP_REFERER=http://localhost/setaflow/app/index.php/tblUser/admin
---
2014/01/02 16:29:28 [error] [exception.CHttpException.404] exception 'CHttpException' with message 'The system is unable to find the requested action "img".' in /var/www/setaflow/framework/web/CController.php:483
Stack trace:
#0 /var/www/setaflow/framework/web/CController.php(270): CController->missingAction('img')
#1 /var/www/setaflow/framework/web/CWebApplication.php(282): CController->run('img')
#2 /var/www/setaflow/framework/web/CWebApplication.php(141): CWebApplication->runController('tblUser/img/blo...')
#3 /var/www/setaflow/framework/base/CApplication.php(180): CWebApplication->processRequest()
#4 /var/www/setaflow/app/index.php(13): CApplication->run()
#5 {main}
REQUEST_URI=/setaflow/app/index.php/tblUser/img/blog/small1.jpg
HTTP_REFERER=http://localhost/setaflow/app/index.php/tblUser/admin
---
2014/01/02 16:29:28 [error] [exception.CHttpException.404] exception 'CHttpException' with message 'The system is unable to find the requested action "img".' in /var/www/setaflow/framework/web/CController.php:483
Stack trace:
#0 /var/www/setaflow/framework/web/CController.php(270): CController->missingAction('img')
#1 /var/www/setaflow/framework/web/CWebApplication.php(282): CController->run('img')
#2 /var/www/setaflow/framework/web/CWebApplication.php(141): CWebApplication->runController('tblUser/img/blo...')
#3 /var/www/setaflow/framework/base/CApplication.php(180): CWebApplication->processRequest()
#4 /var/www/setaflow/app/index.php(13): CApplication->run()
#5 {main}
REQUEST_URI=/setaflow/app/index.php/tblUser/img/blog/small3.jpg
HTTP_REFERER=http://localhost/setaflow/app/index.php/tblUser/admin
---
2014/01/02 16:29:28 [error] [exception.CHttpException.404] exception 'CHttpException' with message 'The system is unable to find the requested action "img".' in /var/www/setaflow/framework/web/CController.php:483
Stack trace:
#0 /var/www/setaflow/framework/web/CController.php(270): CController->missingAction('img')
#1 /var/www/setaflow/framework/web/CWebApplication.php(282): CController->run('img')
#2 /var/www/setaflow/framework/web/CWebApplication.php(141): CWebApplication->runController('tblUser/img/blo...')
#3 /var/www/setaflow/framework/base/CApplication.php(180): CWebApplication->processRequest()
#4 /var/www/setaflow/app/index.php(13): CApplication->run()
#5 {main}
REQUEST_URI=/setaflow/app/index.php/tblUser/img/blog/small4.jpg
HTTP_REFERER=http://localhost/setaflow/app/index.php/tblUser/admin
---
2014/01/02 16:29:28 [error] [exception.CHttpException.404] exception 'CHttpException' with message 'The system is unable to find the requested action "img".' in /var/www/setaflow/framework/web/CController.php:483
Stack trace:
#0 /var/www/setaflow/framework/web/CController.php(270): CController->missingAction('img')
#1 /var/www/setaflow/framework/web/CWebApplication.php(282): CController->run('img')
#2 /var/www/setaflow/framework/web/CWebApplication.php(141): CWebApplication->runController('tblUser/img/blo...')
#3 /var/www/setaflow/framework/base/CApplication.php(180): CWebApplication->processRequest()
#4 /var/www/setaflow/app/index.php(13): CApplication->run()
#5 {main}
REQUEST_URI=/setaflow/app/index.php/tblUser/img/blog/small5.jpg
HTTP_REFERER=http://localhost/setaflow/app/index.php/tblUser/admin
---
2014/01/02 16:29:28 [error] [exception.CHttpException.404] exception 'CHttpException' with message 'The system is unable to find the requested action "img".' in /var/www/setaflow/framework/web/CController.php:483
Stack trace:
#0 /var/www/setaflow/framework/web/CController.php(270): CController->missingAction('img')
#1 /var/www/setaflow/framework/web/CWebApplication.php(282): CController->run('img')
#2 /var/www/setaflow/framework/web/CWebApplication.php(141): CWebApplication->runController('tblUser/img/loa...')
#3 /var/www/setaflow/framework/base/CApplication.php(180): CWebApplication->processRequest()
#4 /var/www/setaflow/app/index.php(13): CApplication->run()
#5 {main}
REQUEST_URI=/setaflow/app/index.php/tblUser/img/loading.gif
HTTP_REFERER=http://localhost/setaflow/app/index.php/tblUser/admin
---
2014/01/02 16:29:28 [error] [exception.CHttpException.404] exception 'CHttpException' with message 'The system is unable to find the requested action "img".' in /var/www/setaflow/framework/web/CController.php:483
Stack trace:
#0 /var/www/setaflow/framework/web/CController.php(270): CController->missingAction('img')
#1 /var/www/setaflow/framework/web/CWebApplication.php(282): CController->run('img')
#2 /var/www/setaflow/framework/web/CWebApplication.php(141): CWebApplication->runController('tblUser/img/clo...')
#3 /var/www/setaflow/framework/base/CApplication.php(180): CWebApplication->processRequest()
#4 /var/www/setaflow/app/index.php(13): CApplication->run()
#5 {main}
REQUEST_URI=/setaflow/app/index.php/tblUser/img/close.png
HTTP_REFERER=http://localhost/setaflow/app/index.php/tblUser/admin
---
2014/01/02 16:29:47 [error] [exception.CHttpException.404] exception 'CHttpException' with message 'The system is unable to find the requested action "img".' in /var/www/setaflow/framework/web/CController.php:483
Stack trace:
#0 /var/www/setaflow/framework/web/CController.php(270): CController->missingAction('img')
#1 /var/www/setaflow/framework/web/CWebApplication.php(282): CController->run('img')
#2 /var/www/setaflow/framework/web/CWebApplication.php(141): CWebApplication->runController('site/img/close....')
#3 /var/www/setaflow/framework/base/CApplication.php(180): CWebApplication->processRequest()
#4 /var/www/setaflow/app/index.php(13): CApplication->run()
#5 {main}
REQUEST_URI=/setaflow/app/index.php/site/img/close.png
HTTP_REFERER=http://localhost/setaflow/app/index.php/site/page?view=columns
---
2014/01/02 16:29:47 [error] [exception.CHttpException.404] exception 'CHttpException' with message 'The system is unable to find the requested action "img".' in /var/www/setaflow/framework/web/CController.php:483
Stack trace:
#0 /var/www/setaflow/framework/web/CController.php(270): CController->missingAction('img')
#1 /var/www/setaflow/framework/web/CWebApplication.php(282): CController->run('img')
#2 /var/www/setaflow/framework/web/CWebApplication.php(141): CWebApplication->runController('site/img/loadin...')
#3 /var/www/setaflow/framework/base/CApplication.php(180): CWebApplication->processRequest()
#4 /var/www/setaflow/app/index.php(13): CApplication->run()
#5 {main}
REQUEST_URI=/setaflow/app/index.php/site/img/loading.gif
HTTP_REFERER=http://localhost/setaflow/app/index.php/site/page?view=columns
---
2014/01/02 16:31:12 [error] [exception.CHttpException.404] exception 'CHttpException' with message 'The system is unable to find the requested action "img".' in /var/www/setaflow/framework/web/CController.php:483
Stack trace:
#0 /var/www/setaflow/framework/web/CController.php(270): CController->missingAction('img')
#1 /var/www/setaflow/framework/web/CWebApplication.php(282): CController->run('img')
#2 /var/www/setaflow/framework/web/CWebApplication.php(141): CWebApplication->runController('site/img/close....')
#3 /var/www/setaflow/framework/base/CApplication.php(180): CWebApplication->processRequest()
#4 /var/www/setaflow/app/index.php(13): CApplication->run()
#5 {main}
REQUEST_URI=/setaflow/app/index.php/site/img/close.png
HTTP_REFERER=http://localhost/setaflow/app/index.php/site/page?view=elements
---
2014/01/02 16:31:12 [error] [exception.CHttpException.404] exception 'CHttpException' with message 'The system is unable to find the requested action "img".' in /var/www/setaflow/framework/web/CController.php:483
Stack trace:
#0 /var/www/setaflow/framework/web/CController.php(270): CController->missingAction('img')
#1 /var/www/setaflow/framework/web/CWebApplication.php(282): CController->run('img')
#2 /var/www/setaflow/framework/web/CWebApplication.php(141): CWebApplication->runController('site/img/loadin...')
#3 /var/www/setaflow/framework/base/CApplication.php(180): CWebApplication->processRequest()
#4 /var/www/setaflow/app/index.php(13): CApplication->run()
#5 {main}
REQUEST_URI=/setaflow/app/index.php/site/img/loading.gif
HTTP_REFERER=http://localhost/setaflow/app/index.php/site/page?view=elements
---
2014/01/02 16:32:04 [error] [exception.CHttpException.404] exception 'CHttpException' with message 'Unable to resolve the request "img/blog/small5.jpg".' in /var/www/setaflow/framework/web/CWebApplication.php:286
Stack trace:
#0 /var/www/setaflow/framework/web/CWebApplication.php(141): CWebApplication->runController('img/blog/small5...')
#1 /var/www/setaflow/framework/base/CApplication.php(180): CWebApplication->processRequest()
#2 /var/www/setaflow/app/index.php(13): CApplication->run()
#3 {main}
REQUEST_URI=/setaflow/app/index.php/img/blog/small5.jpg
HTTP_REFERER=http://localhost/setaflow/app/index.php/tblUser
---
2014/01/02 16:32:04 [error] [exception.CHttpException.404] exception 'CHttpException' with message 'Unable to resolve the request "img/blog/small4.jpg".' in /var/www/setaflow/framework/web/CWebApplication.php:286
Stack trace:
#0 /var/www/setaflow/framework/web/CWebApplication.php(141): CWebApplication->runController('img/blog/small4...')
#1 /var/www/setaflow/framework/base/CApplication.php(180): CWebApplication->processRequest()
#2 /var/www/setaflow/app/index.php(13): CApplication->run()
#3 {main}
REQUEST_URI=/setaflow/app/index.php/img/blog/small4.jpg
HTTP_REFERER=http://localhost/setaflow/app/index.php/tblUser
---
2014/01/02 16:32:04 [error] [exception.CHttpException.404] exception 'CHttpException' with message 'Unable to resolve the request "img/blog/small2.jpg".' in /var/www/setaflow/framework/web/CWebApplication.php:286
Stack trace:
#0 /var/www/setaflow/framework/web/CWebApplication.php(141): CWebApplication->runController('img/blog/small2...')
#1 /var/www/setaflow/framework/base/CApplication.php(180): CWebApplication->processRequest()
#2 /var/www/setaflow/app/index.php(13): CApplication->run()
#3 {main}
REQUEST_URI=/setaflow/app/index.php/img/blog/small2.jpg
HTTP_REFERER=http://localhost/setaflow/app/index.php/tblUser
---
2014/01/02 16:32:04 [error] [exception.CHttpException.404] exception 'CHttpException' with message 'Unable to resolve the request "img/blog/small3.jpg".' in /var/www/setaflow/framework/web/CWebApplication.php:286
Stack trace:
#0 /var/www/setaflow/framework/web/CWebApplication.php(141): CWebApplication->runController('img/blog/small3...')
#1 /var/www/setaflow/framework/base/CApplication.php(180): CWebApplication->processRequest()
#2 /var/www/setaflow/app/index.php(13): CApplication->run()
#3 {main}
REQUEST_URI=/setaflow/app/index.php/img/blog/small3.jpg
HTTP_REFERER=http://localhost/setaflow/app/index.php/tblUser
---
2014/01/02 16:32:04 [error] [exception.CHttpException.404] exception 'CHttpException' with message 'Unable to resolve the request "img/blog/small1.jpg".' in /var/www/setaflow/framework/web/CWebApplication.php:286
Stack trace:
#0 /var/www/setaflow/framework/web/CWebApplication.php(141): CWebApplication->runController('img/blog/small1...')
#1 /var/www/setaflow/framework/base/CApplication.php(180): CWebApplication->processRequest()
#2 /var/www/setaflow/app/index.php(13): CApplication->run()
#3 {main}
REQUEST_URI=/setaflow/app/index.php/img/blog/small1.jpg
HTTP_REFERER=http://localhost/setaflow/app/index.php/tblUser
---
2014/01/02 16:32:05 [error] [exception.CHttpException.404] exception 'CHttpException' with message 'Unable to resolve the request "img/blog/small2.jpg".' in /var/www/setaflow/framework/web/CWebApplication.php:286
Stack trace:
#0 /var/www/setaflow/framework/web/CWebApplication.php(141): CWebApplication->runController('img/blog/small2...')
#1 /var/www/setaflow/framework/base/CApplication.php(180): CWebApplication->processRequest()
#2 /var/www/setaflow/app/index.php(13): CApplication->run()
#3 {main}
REQUEST_URI=/setaflow/app/index.php/img/blog/small2.jpg
HTTP_REFERER=http://localhost/setaflow/app/index.php/tblUser
---
2014/01/02 16:32:05 [error] [exception.CHttpException.404] exception 'CHttpException' with message 'Unable to resolve the request "img/blog/small4.jpg".' in /var/www/setaflow/framework/web/CWebApplication.php:286
Stack trace:
#0 /var/www/setaflow/framework/web/CWebApplication.php(141): CWebApplication->runController('img/blog/small4...')
#1 /var/www/setaflow/framework/base/CApplication.php(180): CWebApplication->processRequest()
#2 /var/www/setaflow/app/index.php(13): CApplication->run()
#3 {main}
REQUEST_URI=/setaflow/app/index.php/img/blog/small4.jpg
HTTP_REFERER=http://localhost/setaflow/app/index.php/tblUser
---
2014/01/02 16:32:05 [error] [exception.CHttpException.404] exception 'CHttpException' with message 'Unable to resolve the request "img/blog/small3.jpg".' in /var/www/setaflow/framework/web/CWebApplication.php:286
Stack trace:
#0 /var/www/setaflow/framework/web/CWebApplication.php(141): CWebApplication->runController('img/blog/small3...')
#1 /var/www/setaflow/framework/base/CApplication.php(180): CWebApplication->processRequest()
#2 /var/www/setaflow/app/index.php(13): CApplication->run()
#3 {main}
REQUEST_URI=/setaflow/app/index.php/img/blog/small3.jpg
HTTP_REFERER=http://localhost/setaflow/app/index.php/tblUser
---
2014/01/02 16:32:05 [error] [exception.CHttpException.404] exception 'CHttpException' with message 'Unable to resolve the request "img/blog/small1.jpg".' in /var/www/setaflow/framework/web/CWebApplication.php:286
Stack trace:
#0 /var/www/setaflow/framework/web/CWebApplication.php(141): CWebApplication->runController('img/blog/small1...')
#1 /var/www/setaflow/framework/base/CApplication.php(180): CWebApplication->processRequest()
#2 /var/www/setaflow/app/index.php(13): CApplication->run()
#3 {main}
REQUEST_URI=/setaflow/app/index.php/img/blog/small1.jpg
HTTP_REFERER=http://localhost/setaflow/app/index.php/tblUser
---
2014/01/02 16:32:05 [error] [exception.CHttpException.404] exception 'CHttpException' with message 'Unable to resolve the request "img/blog/small5.jpg".' in /var/www/setaflow/framework/web/CWebApplication.php:286
Stack trace:
#0 /var/www/setaflow/framework/web/CWebApplication.php(141): CWebApplication->runController('img/blog/small5...')
#1 /var/www/setaflow/framework/base/CApplication.php(180): CWebApplication->processRequest()
#2 /var/www/setaflow/app/index.php(13): CApplication->run()
#3 {main}
REQUEST_URI=/setaflow/app/index.php/img/blog/small5.jpg
HTTP_REFERER=http://localhost/setaflow/app/index.php/tblUser
---
2014/01/02 16:32:05 [error] [exception.CHttpException.404] exception 'CHttpException' with message 'Unable to resolve the request "img/loading.gif".' in /var/www/setaflow/framework/web/CWebApplication.php:286
Stack trace:
#0 /var/www/setaflow/framework/web/CWebApplication.php(141): CWebApplication->runController('img/loading.gif')
#1 /var/www/setaflow/framework/base/CApplication.php(180): CWebApplication->processRequest()
#2 /var/www/setaflow/app/index.php(13): CApplication->run()
#3 {main}
REQUEST_URI=/setaflow/app/index.php/img/loading.gif
HTTP_REFERER=http://localhost/setaflow/app/index.php/tblUser
---
2014/01/02 16:32:05 [error] [exception.CHttpException.404] exception 'CHttpException' with message 'Unable to resolve the request "img/close.png".' in /var/www/setaflow/framework/web/CWebApplication.php:286
Stack trace:
#0 /var/www/setaflow/framework/web/CWebApplication.php(141): CWebApplication->runController('img/close.png')
#1 /var/www/setaflow/framework/base/CApplication.php(180): CWebApplication->processRequest()
#2 /var/www/setaflow/app/index.php(13): CApplication->run()
#3 {main}
REQUEST_URI=/setaflow/app/index.php/img/close.png
HTTP_REFERER=http://localhost/setaflow/app/index.php/tblUser
---
2014/01/02 16:32:12 [error] [exception.CHttpException.404] exception 'CHttpException' with message 'The system is unable to find the requested action "img".' in /var/www/setaflow/framework/web/CController.php:483
Stack trace:
#0 /var/www/setaflow/framework/web/CController.php(270): CController->missingAction('img')
#1 /var/www/setaflow/framework/web/CWebApplication.php(282): CController->run('img')
#2 /var/www/setaflow/framework/web/CWebApplication.php(141): CWebApplication->runController('tblUser/img/blo...')
#3 /var/www/setaflow/framework/base/CApplication.php(180): CWebApplication->processRequest()
#4 /var/www/setaflow/app/index.php(13): CApplication->run()
#5 {main}
REQUEST_URI=/setaflow/app/index.php/tblUser/img/blog/small2.jpg
HTTP_REFERER=http://localhost/setaflow/app/index.php/tblUser/admin
---
2014/01/02 16:32:12 [error] [exception.CHttpException.404] exception 'CHttpException' with message 'The system is unable to find the requested action "img".' in /var/www/setaflow/framework/web/CController.php:483
Stack trace:
#0 /var/www/setaflow/framework/web/CController.php(270): CController->missingAction('img')
#1 /var/www/setaflow/framework/web/CWebApplication.php(282): CController->run('img')
#2 /var/www/setaflow/framework/web/CWebApplication.php(141): CWebApplication->runController('tblUser/img/blo...')
#3 /var/www/setaflow/framework/base/CApplication.php(180): CWebApplication->processRequest()
#4 /var/www/setaflow/app/index.php(13): CApplication->run()
#5 {main}
REQUEST_URI=/setaflow/app/index.php/tblUser/img/blog/small3.jpg
HTTP_REFERER=http://localhost/setaflow/app/index.php/tblUser/admin
---
2014/01/02 16:32:12 [error] [exception.CHttpException.404] exception 'CHttpException' with message 'The system is unable to find the requested action "img".' in /var/www/setaflow/framework/web/CController.php:483
Stack trace:
#0 /var/www/setaflow/framework/web/CController.php(270): CController->missingAction('img')
#1 /var/www/setaflow/framework/web/CWebApplication.php(282): CController->run('img')
#2 /var/www/setaflow/framework/web/CWebApplication.php(141): CWebApplication->runController('tblUser/img/blo...')
#3 /var/www/setaflow/framework/base/CApplication.php(180): CWebApplication->processRequest()
#4 /var/www/setaflow/app/index.php(13): CApplication->run()
#5 {main}
REQUEST_URI=/setaflow/app/index.php/tblUser/img/blog/small5.jpg
HTTP_REFERER=http://localhost/setaflow/app/index.php/tblUser/admin
---
2014/01/02 16:32:12 [error] [exception.CHttpException.404] exception 'CHttpException' with message 'The system is unable to find the requested action "img".' in /var/www/setaflow/framework/web/CController.php:483
Stack trace:
#0 /var/www/setaflow/framework/web/CController.php(270): CController->missingAction('img')
#1 /var/www/setaflow/framework/web/CWebApplication.php(282): CController->run('img')
#2 /var/www/setaflow/framework/web/CWebApplication.php(141): CWebApplication->runController('tblUser/img/blo...')
#3 /var/www/setaflow/framework/base/CApplication.php(180): CWebApplication->processRequest()
#4 /var/www/setaflow/app/index.php(13): CApplication->run()
#5 {main}
REQUEST_URI=/setaflow/app/index.php/tblUser/img/blog/small1.jpg
HTTP_REFERER=http://localhost/setaflow/app/index.php/tblUser/admin
---
2014/01/02 16:32:12 [error] [exception.CHttpException.404] exception 'CHttpException' with message 'The system is unable to find the requested action "img".' in /var/www/setaflow/framework/web/CController.php:483
Stack trace:
#0 /var/www/setaflow/framework/web/CController.php(270): CController->missingAction('img')
#1 /var/www/setaflow/framework/web/CWebApplication.php(282): CController->run('img')
#2 /var/www/setaflow/framework/web/CWebApplication.php(141): CWebApplication->runController('tblUser/img/blo...')
#3 /var/www/setaflow/framework/base/CApplication.php(180): CWebApplication->processRequest()
#4 /var/www/setaflow/app/index.php(13): CApplication->run()
#5 {main}
REQUEST_URI=/setaflow/app/index.php/tblUser/img/blog/small4.jpg
HTTP_REFERER=http://localhost/setaflow/app/index.php/tblUser/admin
---
2014/01/02 16:32:12 [error] [exception.CHttpException.404] exception 'CHttpException' with message 'The system is unable to find the requested action "img".' in /var/www/setaflow/framework/web/CController.php:483
Stack trace:
#0 /var/www/setaflow/framework/web/CController.php(270): CController->missingAction('img')
#1 /var/www/setaflow/framework/web/CWebApplication.php(282): CController->run('img')
#2 /var/www/setaflow/framework/web/CWebApplication.php(141): CWebApplication->runController('tblUser/img/blo...')
#3 /var/www/setaflow/framework/base/CApplication.php(180): CWebApplication->processRequest()
#4 /var/www/setaflow/app/index.php(13): CApplication->run()
#5 {main}
REQUEST_URI=/setaflow/app/index.php/tblUser/img/blog/small3.jpg
HTTP_REFERER=http://localhost/setaflow/app/index.php/tblUser/admin
---
2014/01/02 16:32:12 [error] [exception.CHttpException.404] exception 'CHttpException' with message 'The system is unable to find the requested action "img".' in /var/www/setaflow/framework/web/CController.php:483
Stack trace:
#0 /var/www/setaflow/framework/web/CController.php(270): CController->missingAction('img')
#1 /var/www/setaflow/framework/web/CWebApplication.php(282): CController->run('img')
#2 /var/www/setaflow/framework/web/CWebApplication.php(141): CWebApplication->runController('tblUser/img/blo...')
#3 /var/www/setaflow/framework/base/CApplication.php(180): CWebApplication->processRequest()
#4 /var/www/setaflow/app/index.php(13): CApplication->run()
#5 {main}
REQUEST_URI=/setaflow/app/index.php/tblUser/img/blog/small2.jpg
HTTP_REFERER=http://localhost/setaflow/app/index.php/tblUser/admin
---
2014/01/02 16:32:12 [error] [exception.CHttpException.404] exception 'CHttpException' with message 'The system is unable to find the requested action "img".' in /var/www/setaflow/framework/web/CController.php:483
Stack trace:
#0 /var/www/setaflow/framework/web/CController.php(270): CController->missingAction('img')
#1 /var/www/setaflow/framework/web/CWebApplication.php(282): CController->run('img')
#2 /var/www/setaflow/framework/web/CWebApplication.php(141): CWebApplication->runController('tblUser/img/blo...')
#3 /var/www/setaflow/framework/base/CApplication.php(180): CWebApplication->processRequest()
#4 /var/www/setaflow/app/index.php(13): CApplication->run()
#5 {main}
REQUEST_URI=/setaflow/app/index.php/tblUser/img/blog/small4.jpg
HTTP_REFERER=http://localhost/setaflow/app/index.php/tblUser/admin
---
2014/01/02 16:32:12 [error] [exception.CHttpException.404] exception 'CHttpException' with message 'The system is unable to find the requested action "img".' in /var/www/setaflow/framework/web/CController.php:483
Stack trace:
#0 /var/www/setaflow/framework/web/CController.php(270): CController->missingAction('img')
#1 /var/www/setaflow/framework/web/CWebApplication.php(282): CController->run('img')
#2 /var/www/setaflow/framework/web/CWebApplication.php(141): CWebApplication->runController('tblUser/img/blo...')
#3 /var/www/setaflow/framework/base/CApplication.php(180): CWebApplication->processRequest()
#4 /var/www/setaflow/app/index.php(13): CApplication->run()
#5 {main}
REQUEST_URI=/setaflow/app/index.php/tblUser/img/blog/small5.jpg
HTTP_REFERER=http://localhost/setaflow/app/index.php/tblUser/admin
---
2014/01/02 16:32:12 [error] [exception.CHttpException.404] exception 'CHttpException' with message 'The system is unable to find the requested action "img".' in /var/www/setaflow/framework/web/CController.php:483
Stack trace:
#0 /var/www/setaflow/framework/web/CController.php(270): CController->missingAction('img')
#1 /var/www/setaflow/framework/web/CWebApplication.php(282): CController->run('img')
#2 /var/www/setaflow/framework/web/CWebApplication.php(141): CWebApplication->runController('tblUser/img/blo...')
#3 /var/www/setaflow/framework/base/CApplication.php(180): CWebApplication->processRequest()
#4 /var/www/setaflow/app/index.php(13): CApplication->run()
#5 {main}
REQUEST_URI=/setaflow/app/index.php/tblUser/img/blog/small1.jpg
HTTP_REFERER=http://localhost/setaflow/app/index.php/tblUser/admin
---
2014/01/02 16:32:12 [error] [exception.CHttpException.404] exception 'CHttpException' with message 'The system is unable to find the requested action "img".' in /var/www/setaflow/framework/web/CController.php:483
Stack trace:
#0 /var/www/setaflow/framework/web/CController.php(270): CController->missingAction('img')
#1 /var/www/setaflow/framework/web/CWebApplication.php(282): CController->run('img')
#2 /var/www/setaflow/framework/web/CWebApplication.php(141): CWebApplication->runController('tblUser/img/clo...')
#3 /var/www/setaflow/framework/base/CApplication.php(180): CWebApplication->processRequest()
#4 /var/www/setaflow/app/index.php(13): CApplication->run()
#5 {main}
REQUEST_URI=/setaflow/app/index.php/tblUser/img/close.png
HTTP_REFERER=http://localhost/setaflow/app/index.php/tblUser/admin
---
2014/01/02 16:32:12 [error] [exception.CHttpException.404] exception 'CHttpException' with message 'The system is unable to find the requested action "img".' in /var/www/setaflow/framework/web/CController.php:483
Stack trace:
#0 /var/www/setaflow/framework/web/CController.php(270): CController->missingAction('img')
#1 /var/www/setaflow/framework/web/CWebApplication.php(282): CController->run('img')
#2 /var/www/setaflow/framework/web/CWebApplication.php(141): CWebApplication->runController('tblUser/img/loa...')
#3 /var/www/setaflow/framework/base/CApplication.php(180): CWebApplication->processRequest()
#4 /var/www/setaflow/app/index.php(13): CApplication->run()
#5 {main}
REQUEST_URI=/setaflow/app/index.php/tblUser/img/loading.gif
HTTP_REFERER=http://localhost/setaflow/app/index.php/tblUser/admin
---
2014/01/02 16:32:19 [error] [exception.CHttpException.404] exception 'CHttpException' with message 'The system is unable to find the requested action "img".' in /var/www/setaflow/framework/web/CController.php:483
Stack trace:
#0 /var/www/setaflow/framework/web/CController.php(270): CController->missingAction('img')
#1 /var/www/setaflow/framework/web/CWebApplication.php(282): CController->run('img')
#2 /var/www/setaflow/framework/web/CWebApplication.php(141): CWebApplication->runController('tblUser/img/blo...')
#3 /var/www/setaflow/framework/base/CApplication.php(180): CWebApplication->processRequest()
#4 /var/www/setaflow/app/index.php(13): CApplication->run()
#5 {main}
REQUEST_URI=/setaflow/app/index.php/tblUser/img/blog/small3.jpg
HTTP_REFERER=http://localhost/setaflow/app/index.php/tblUser/admin
---
2014/01/02 16:32:19 [error] [exception.CHttpException.404] exception 'CHttpException' with message 'The system is unable to find the requested action "img".' in /var/www/setaflow/framework/web/CController.php:483
Stack trace:
#0 /var/www/setaflow/framework/web/CController.php(270): CController->missingAction('img')
#1 /var/www/setaflow/framework/web/CWebApplication.php(282): CController->run('img')
#2 /var/www/setaflow/framework/web/CWebApplication.php(141): CWebApplication->runController('tblUser/img/blo...')
#3 /var/www/setaflow/framework/base/CApplication.php(180): CWebApplication->processRequest()
#4 /var/www/setaflow/app/index.php(13): CApplication->run()
#5 {main}
REQUEST_URI=/setaflow/app/index.php/tblUser/img/blog/small1.jpg
HTTP_REFERER=http://localhost/setaflow/app/index.php/tblUser/admin
---
2014/01/02 16:32:19 [error] [exception.CHttpException.404] exception 'CHttpException' with message 'The system is unable to find the requested action "img".' in /var/www/setaflow/framework/web/CController.php:483
Stack trace:
#0 /var/www/setaflow/framework/web/CController.php(270): CController->missingAction('img')
#1 /var/www/setaflow/framework/web/CWebApplication.php(282): CController->run('img')
#2 /var/www/setaflow/framework/web/CWebApplication.php(141): CWebApplication->runController('tblUser/img/blo...')
#3 /var/www/setaflow/framework/base/CApplication.php(180): CWebApplication->processRequest()
#4 /var/www/setaflow/app/index.php(13): CApplication->run()
#5 {main}
REQUEST_URI=/setaflow/app/index.php/tblUser/img/blog/small4.jpg
HTTP_REFERER=http://localhost/setaflow/app/index.php/tblUser/admin
---
2014/01/02 16:32:19 [error] [exception.CHttpException.404] exception 'CHttpException' with message 'The system is unable to find the requested action "img".' in /var/www/setaflow/framework/web/CController.php:483
Stack trace:
#0 /var/www/setaflow/framework/web/CController.php(270): CController->missingAction('img')
#1 /var/www/setaflow/framework/web/CWebApplication.php(282): CController->run('img')
#2 /var/www/setaflow/framework/web/CWebApplication.php(141): CWebApplication->runController('tblUser/img/blo...')
#3 /var/www/setaflow/framework/base/CApplication.php(180): CWebApplication->processRequest()
#4 /var/www/setaflow/app/index.php(13): CApplication->run()
#5 {main}
REQUEST_URI=/setaflow/app/index.php/tblUser/img/blog/small5.jpg
HTTP_REFERER=http://localhost/setaflow/app/index.php/tblUser/admin
---
2014/01/02 16:32:19 [error] [exception.CHttpException.404] exception 'CHttpException' with message 'The system is unable to find the requested action "img".' in /var/www/setaflow/framework/web/CController.php:483
Stack trace:
#0 /var/www/setaflow/framework/web/CController.php(270): CController->missingAction('img')
#1 /var/www/setaflow/framework/web/CWebApplication.php(282): CController->run('img')
#2 /var/www/setaflow/framework/web/CWebApplication.php(141): CWebApplication->runController('tblUser/img/blo...')
#3 /var/www/setaflow/framework/base/CApplication.php(180): CWebApplication->processRequest()
#4 /var/www/setaflow/app/index.php(13): CApplication->run()
#5 {main}
REQUEST_URI=/setaflow/app/index.php/tblUser/img/blog/small2.jpg
HTTP_REFERER=http://localhost/setaflow/app/index.php/tblUser/admin
---
2014/01/02 16:32:21 [error] [exception.CHttpException.404] exception 'CHttpException' with message 'The system is unable to find the requested action "img".' in /var/www/setaflow/framework/web/CController.php:483
Stack trace:
#0 /var/www/setaflow/framework/web/CController.php(270): CController->missingAction('img')
#1 /var/www/setaflow/framework/web/CWebApplication.php(282): CController->run('img')
#2 /var/www/setaflow/framework/web/CWebApplication.php(141): CWebApplication->runController('tblUser/img/blo...')
#3 /var/www/setaflow/framework/base/CApplication.php(180): CWebApplication->processRequest()
#4 /var/www/setaflow/app/index.php(13): CApplication->run()
#5 {main}
REQUEST_URI=/setaflow/app/index.php/tblUser/img/blog/small1.jpg
HTTP_REFERER=http://localhost/setaflow/app/index.php/tblUser/admin
---
2014/01/02 16:32:21 [error] [exception.CHttpException.404] exception 'CHttpException' with message 'The system is unable to find the requested action "img".' in /var/www/setaflow/framework/web/CController.php:483
Stack trace:
#0 /var/www/setaflow/framework/web/CController.php(270): CController->missingAction('img')
#1 /var/www/setaflow/framework/web/CWebApplication.php(282): CController->run('img')
#2 /var/www/setaflow/framework/web/CWebApplication.php(141): CWebApplication->runController('tblUser/img/blo...')
#3 /var/www/setaflow/framework/base/CApplication.php(180): CWebApplication->processRequest()
#4 /var/www/setaflow/app/index.php(13): CApplication->run()
#5 {main}
REQUEST_URI=/setaflow/app/index.php/tblUser/img/blog/small2.jpg
HTTP_REFERER=http://localhost/setaflow/app/index.php/tblUser/admin
---
2014/01/02 16:32:21 [error] [exception.CHttpException.404] exception 'CHttpException' with message 'The system is unable to find the requested action "img".' in /var/www/setaflow/framework/web/CController.php:483
Stack trace:
#0 /var/www/setaflow/framework/web/CController.php(270): CController->missingAction('img')
#1 /var/www/setaflow/framework/web/CWebApplication.php(282): CController->run('img')
#2 /var/www/setaflow/framework/web/CWebApplication.php(141): CWebApplication->runController('tblUser/img/blo...')
#3 /var/www/setaflow/framework/base/CApplication.php(180): CWebApplication->processRequest()
#4 /var/www/setaflow/app/index.php(13): CApplication->run()
#5 {main}
REQUEST_URI=/setaflow/app/index.php/tblUser/img/blog/small5.jpg
HTTP_REFERER=http://localhost/setaflow/app/index.php/tblUser/admin
---
2014/01/02 16:32:21 [error] [exception.CHttpException.404] exception 'CHttpException' with message 'The system is unable to find the requested action "img".' in /var/www/setaflow/framework/web/CController.php:483
Stack trace:
#0 /var/www/setaflow/framework/web/CController.php(270): CController->missingAction('img')
#1 /var/www/setaflow/framework/web/CWebApplication.php(282): CController->run('img')
#2 /var/www/setaflow/framework/web/CWebApplication.php(141): CWebApplication->runController('tblUser/img/blo...')
#3 /var/www/setaflow/framework/base/CApplication.php(180): CWebApplication->processRequest()
#4 /var/www/setaflow/app/index.php(13): CApplication->run()
#5 {main}
REQUEST_URI=/setaflow/app/index.php/tblUser/img/blog/small4.jpg
HTTP_REFERER=http://localhost/setaflow/app/index.php/tblUser/admin
---
2014/01/02 16:32:21 [error] [exception.CHttpException.404] exception 'CHttpException' with message 'The system is unable to find the requested action "img".' in /var/www/setaflow/framework/web/CController.php:483
Stack trace:
#0 /var/www/setaflow/framework/web/CController.php(270): CController->missingAction('img')
#1 /var/www/setaflow/framework/web/CWebApplication.php(282): CController->run('img')
#2 /var/www/setaflow/framework/web/CWebApplication.php(141): CWebApplication->runController('tblUser/img/blo...')
#3 /var/www/setaflow/framework/base/CApplication.php(180): CWebApplication->processRequest()
#4 /var/www/setaflow/app/index.php(13): CApplication->run()
#5 {main}
REQUEST_URI=/setaflow/app/index.php/tblUser/img/blog/small3.jpg
HTTP_REFERER=http://localhost/setaflow/app/index.php/tblUser/admin
---
2014/01/02 16:32:23 [error] [exception.CHttpException.404] exception 'CHttpException' with message 'The system is unable to find the requested action "img".' in /var/www/setaflow/framework/web/CController.php:483
Stack trace:
#0 /var/www/setaflow/framework/web/CController.php(270): CController->missingAction('img')
#1 /var/www/setaflow/framework/web/CWebApplication.php(282): CController->run('img')
#2 /var/www/setaflow/framework/web/CWebApplication.php(141): CWebApplication->runController('tblUser/img/blo...')
#3 /var/www/setaflow/framework/base/CApplication.php(180): CWebApplication->processRequest()
#4 /var/www/setaflow/app/index.php(13): CApplication->run()
#5 {main}
REQUEST_URI=/setaflow/app/index.php/tblUser/img/blog/small2.jpg
HTTP_REFERER=http://localhost/setaflow/app/index.php/tblUser/admin
---
2014/01/02 16:32:23 [error] [exception.CHttpException.404] exception 'CHttpException' with message 'The system is unable to find the requested action "img".' in /var/www/setaflow/framework/web/CController.php:483
Stack trace:
#0 /var/www/setaflow/framework/web/CController.php(270): CController->missingAction('img')
#1 /var/www/setaflow/framework/web/CWebApplication.php(282): CController->run('img')
#2 /var/www/setaflow/framework/web/CWebApplication.php(141): CWebApplication->runController('tblUser/img/blo...')
#3 /var/www/setaflow/framework/base/CApplication.php(180): CWebApplication->processRequest()
#4 /var/www/setaflow/app/index.php(13): CApplication->run()
#5 {main}
REQUEST_URI=/setaflow/app/index.php/tblUser/img/blog/small1.jpg
HTTP_REFERER=http://localhost/setaflow/app/index.php/tblUser/admin
---
2014/01/02 16:32:23 [error] [exception.CHttpException.404] exception 'CHttpException' with message 'The system is unable to find the requested action "img".' in /var/www/setaflow/framework/web/CController.php:483
Stack trace:
#0 /var/www/setaflow/framework/web/CController.php(270): CController->missingAction('img')
#1 /var/www/setaflow/framework/web/CWebApplication.php(282): CController->run('img')
#2 /var/www/setaflow/framework/web/CWebApplication.php(141): CWebApplication->runController('tblUser/img/blo...')
#3 /var/www/setaflow/framework/base/CApplication.php(180): CWebApplication->processRequest()
#4 /var/www/setaflow/app/index.php(13): CApplication->run()
#5 {main}
REQUEST_URI=/setaflow/app/index.php/tblUser/img/blog/small4.jpg
HTTP_REFERER=http://localhost/setaflow/app/index.php/tblUser/admin
---
2014/01/02 16:32:23 [error] [exception.CHttpException.404] exception 'CHttpException' with message 'The system is unable to find the requested action "img".' in /var/www/setaflow/framework/web/CController.php:483
Stack trace:
#0 /var/www/setaflow/framework/web/CController.php(270): CController->missingAction('img')
#1 /var/www/setaflow/framework/web/CWebApplication.php(282): CController->run('img')
#2 /var/www/setaflow/framework/web/CWebApplication.php(141): CWebApplication->runController('tblUser/img/blo...')
#3 /var/www/setaflow/framework/base/CApplication.php(180): CWebApplication->processRequest()
#4 /var/www/setaflow/app/index.php(13): CApplication->run()
#5 {main}
REQUEST_URI=/setaflow/app/index.php/tblUser/img/blog/small3.jpg
HTTP_REFERER=http://localhost/setaflow/app/index.php/tblUser/admin
---
2014/01/02 16:32:23 [error] [exception.CHttpException.404] exception 'CHttpException' with message 'The system is unable to find the requested action "img".' in /var/www/setaflow/framework/web/CController.php:483
Stack trace:
#0 /var/www/setaflow/framework/web/CController.php(270): CController->missingAction('img')
#1 /var/www/setaflow/framework/web/CWebApplication.php(282): CController->run('img')
#2 /var/www/setaflow/framework/web/CWebApplication.php(141): CWebApplication->runController('tblUser/img/blo...')
#3 /var/www/setaflow/framework/base/CApplication.php(180): CWebApplication->processRequest()
#4 /var/www/setaflow/app/index.php(13): CApplication->run()
#5 {main}
REQUEST_URI=/setaflow/app/index.php/tblUser/img/blog/small5.jpg
HTTP_REFERER=http://localhost/setaflow/app/index.php/tblUser/admin
---
2014/01/02 16:32:38 [error] [exception.CHttpException.404] exception 'CHttpException' with message 'The system is unable to find the requested action "img".' in /var/www/setaflow/framework/web/CController.php:483
Stack trace:
#0 /var/www/setaflow/framework/web/CController.php(270): CController->missingAction('img')
#1 /var/www/setaflow/framework/web/CWebApplication.php(282): CController->run('img')
#2 /var/www/setaflow/framework/web/CWebApplication.php(141): CWebApplication->runController('tblUser/img/blo...')
#3 /var/www/setaflow/framework/base/CApplication.php(180): CWebApplication->processRequest()
#4 /var/www/setaflow/app/index.php(13): CApplication->run()
#5 {main}
REQUEST_URI=/setaflow/app/index.php/tblUser/img/blog/small1.jpg
HTTP_REFERER=http://localhost/setaflow/app/index.php/tblUser/admin
---
2014/01/02 16:32:38 [error] [exception.CHttpException.404] exception 'CHttpException' with message 'The system is unable to find the requested action "img".' in /var/www/setaflow/framework/web/CController.php:483
Stack trace:
#0 /var/www/setaflow/framework/web/CController.php(270): CController->missingAction('img')
#1 /var/www/setaflow/framework/web/CWebApplication.php(282): CController->run('img')
#2 /var/www/setaflow/framework/web/CWebApplication.php(141): CWebApplication->runController('tblUser/img/blo...')
#3 /var/www/setaflow/framework/base/CApplication.php(180): CWebApplication->processRequest()
#4 /var/www/setaflow/app/index.php(13): CApplication->run()
#5 {main}
REQUEST_URI=/setaflow/app/index.php/tblUser/img/blog/small4.jpg
HTTP_REFERER=http://localhost/setaflow/app/index.php/tblUser/admin
---
2014/01/02 16:32:38 [error] [exception.CHttpException.404] exception 'CHttpException' with message 'The system is unable to find the requested action "img".' in /var/www/setaflow/framework/web/CController.php:483
Stack trace:
#0 /var/www/setaflow/framework/web/CController.php(270): CController->missingAction('img')
#1 /var/www/setaflow/framework/web/CWebApplication.php(282): CController->run('img')
#2 /var/www/setaflow/framework/web/CWebApplication.php(141): CWebApplication->runController('tblUser/img/blo...')
#3 /var/www/setaflow/framework/base/CApplication.php(180): CWebApplication->processRequest()
#4 /var/www/setaflow/app/index.php(13): CApplication->run()
#5 {main}
REQUEST_URI=/setaflow/app/index.php/tblUser/img/blog/small3.jpg
HTTP_REFERER=http://localhost/setaflow/app/index.php/tblUser/admin
---
2014/01/02 16:32:38 [error] [exception.CHttpException.404] exception 'CHttpException' with message 'The system is unable to find the requested action "img".' in /var/www/setaflow/framework/web/CController.php:483
Stack trace:
#0 /var/www/setaflow/framework/web/CController.php(270): CController->missingAction('img')
#1 /var/www/setaflow/framework/web/CWebApplication.php(282): CController->run('img')
#2 /var/www/setaflow/framework/web/CWebApplication.php(141): CWebApplication->runController('tblUser/img/blo...')
#3 /var/www/setaflow/framework/base/CApplication.php(180): CWebApplication->processRequest()
#4 /var/www/setaflow/app/index.php(13): CApplication->run()
#5 {main}
REQUEST_URI=/setaflow/app/index.php/tblUser/img/blog/small5.jpg
HTTP_REFERER=http://localhost/setaflow/app/index.php/tblUser/admin
---
2014/01/02 16:32:38 [error] [exception.CHttpException.404] exception 'CHttpException' with message 'The system is unable to find the requested action "img".' in /var/www/setaflow/framework/web/CController.php:483
Stack trace:
#0 /var/www/setaflow/framework/web/CController.php(270): CController->missingAction('img')
#1 /var/www/setaflow/framework/web/CWebApplication.php(282): CController->run('img')
#2 /var/www/setaflow/framework/web/CWebApplication.php(141): CWebApplication->runController('tblUser/img/blo...')
#3 /var/www/setaflow/framework/base/CApplication.php(180): CWebApplication->processRequest()
#4 /var/www/setaflow/app/index.php(13): CApplication->run()
#5 {main}
REQUEST_URI=/setaflow/app/index.php/tblUser/img/blog/small2.jpg
HTTP_REFERER=http://localhost/setaflow/app/index.php/tblUser/admin
---
2014/01/02 16:32:39 [error] [exception.CHttpException.404] exception 'CHttpException' with message 'The system is unable to find the requested action "img".' in /var/www/setaflow/framework/web/CController.php:483
Stack trace:
#0 /var/www/setaflow/framework/web/CController.php(270): CController->missingAction('img')
#1 /var/www/setaflow/framework/web/CWebApplication.php(282): CController->run('img')
#2 /var/www/setaflow/framework/web/CWebApplication.php(141): CWebApplication->runController('tblUser/img/blo...')
#3 /var/www/setaflow/framework/base/CApplication.php(180): CWebApplication->processRequest()
#4 /var/www/setaflow/app/index.php(13): CApplication->run()
#5 {main}
REQUEST_URI=/setaflow/app/index.php/tblUser/img/blog/small1.jpg
HTTP_REFERER=http://localhost/setaflow/app/index.php/tblUser/admin
---
2014/01/02 16:32:39 [error] [exception.CHttpException.404] exception 'CHttpException' with message 'The system is unable to find the requested action "img".' in /var/www/setaflow/framework/web/CController.php:483
Stack trace:
#0 /var/www/setaflow/framework/web/CController.php(270): CController->missingAction('img')
#1 /var/www/setaflow/framework/web/CWebApplication.php(282): CController->run('img')
#2 /var/www/setaflow/framework/web/CWebApplication.php(141): CWebApplication->runController('tblUser/img/blo...')
#3 /var/www/setaflow/framework/base/CApplication.php(180): CWebApplication->processRequest()
#4 /var/www/setaflow/app/index.php(13): CApplication->run()
#5 {main}
REQUEST_URI=/setaflow/app/index.php/tblUser/img/blog/small2.jpg
HTTP_REFERER=http://localhost/setaflow/app/index.php/tblUser/admin
---
2014/01/02 16:32:39 [error] [exception.CHttpException.404] exception 'CHttpException' with message 'The system is unable to find the requested action "img".' in /var/www/setaflow/framework/web/CController.php:483
Stack trace:
#0 /var/www/setaflow/framework/web/CController.php(270): CController->missingAction('img')
#1 /var/www/setaflow/framework/web/CWebApplication.php(282): CController->run('img')
#2 /var/www/setaflow/framework/web/CWebApplication.php(141): CWebApplication->runController('tblUser/img/blo...')
#3 /var/www/setaflow/framework/base/CApplication.php(180): CWebApplication->processRequest()
#4 /var/www/setaflow/app/index.php(13): CApplication->run()
#5 {main}
REQUEST_URI=/setaflow/app/index.php/tblUser/img/blog/small3.jpg
HTTP_REFERER=http://localhost/setaflow/app/index.php/tblUser/admin
---
2014/01/02 16:32:39 [error] [exception.CHttpException.404] exception 'CHttpException' with message 'The system is unable to find the requested action "img".' in /var/www/setaflow/framework/web/CController.php:483
Stack trace:
#0 /var/www/setaflow/framework/web/CController.php(270): CController->missingAction('img')
#1 /var/www/setaflow/framework/web/CWebApplication.php(282): CController->run('img')
#2 /var/www/setaflow/framework/web/CWebApplication.php(141): CWebApplication->runController('tblUser/img/blo...')
#3 /var/www/setaflow/framework/base/CApplication.php(180): CWebApplication->processRequest()
#4 /var/www/setaflow/app/index.php(13): CApplication->run()
#5 {main}
REQUEST_URI=/setaflow/app/index.php/tblUser/img/blog/small4.jpg
HTTP_REFERER=http://localhost/setaflow/app/index.php/tblUser/admin
---
2014/01/02 16:32:39 [error] [exception.CHttpException.404] exception 'CHttpException' with message 'The system is unable to find the requested action "img".' in /var/www/setaflow/framework/web/CController.php:483
Stack trace:
#0 /var/www/setaflow/framework/web/CController.php(270): CController->missingAction('img')
#1 /var/www/setaflow/framework/web/CWebApplication.php(282): CController->run('img')
#2 /var/www/setaflow/framework/web/CWebApplication.php(141): CWebApplication->runController('tblUser/img/blo...')
#3 /var/www/setaflow/framework/base/CApplication.php(180): CWebApplication->processRequest()
#4 /var/www/setaflow/app/index.php(13): CApplication->run()
#5 {main}
REQUEST_URI=/setaflow/app/index.php/tblUser/img/blog/small5.jpg
HTTP_REFERER=http://localhost/setaflow/app/index.php/tblUser/admin
---
2014/01/02 16:32:39 [error] [exception.CHttpException.404] exception 'CHttpException' with message 'The system is unable to find the requested action "img".' in /var/www/setaflow/framework/web/CController.php:483
Stack trace:
#0 /var/www/setaflow/framework/web/CController.php(270): CController->missingAction('img')
#1 /var/www/setaflow/framework/web/CWebApplication.php(282): CController->run('img')
#2 /var/www/setaflow/framework/web/CWebApplication.php(141): CWebApplication->runController('tblUser/img/clo...')
#3 /var/www/setaflow/framework/base/CApplication.php(180): CWebApplication->processRequest()
#4 /var/www/setaflow/app/index.php(13): CApplication->run()
#5 {main}
REQUEST_URI=/setaflow/app/index.php/tblUser/img/close.png
HTTP_REFERER=http://localhost/setaflow/app/index.php/tblUser/admin
---
2014/01/02 16:32:39 [error] [exception.CHttpException.404] exception 'CHttpException' with message 'The system is unable to find the requested action "img".' in /var/www/setaflow/framework/web/CController.php:483
Stack trace:
#0 /var/www/setaflow/framework/web/CController.php(270): CController->missingAction('img')
#1 /var/www/setaflow/framework/web/CWebApplication.php(282): CController->run('img')
#2 /var/www/setaflow/framework/web/CWebApplication.php(141): CWebApplication->runController('tblUser/img/loa...')
#3 /var/www/setaflow/framework/base/CApplication.php(180): CWebApplication->processRequest()
#4 /var/www/setaflow/app/index.php(13): CApplication->run()
#5 {main}
REQUEST_URI=/setaflow/app/index.php/tblUser/img/loading.gif
HTTP_REFERER=http://localhost/setaflow/app/index.php/tblUser/admin
---
2014/01/02 16:32:40 [error] [exception.CHttpException.404] exception 'CHttpException' with message 'The system is unable to find the requested action "img".' in /var/www/setaflow/framework/web/CController.php:483
Stack trace:
#0 /var/www/setaflow/framework/web/CController.php(270): CController->missingAction('img')
#1 /var/www/setaflow/framework/web/CWebApplication.php(282): CController->run('img')
#2 /var/www/setaflow/framework/web/CWebApplication.php(141): CWebApplication->runController('tblUser/img/blo...')
#3 /var/www/setaflow/framework/base/CApplication.php(180): CWebApplication->processRequest()
#4 /var/www/setaflow/app/index.php(13): CApplication->run()
#5 {main}
REQUEST_URI=/setaflow/app/index.php/tblUser/img/blog/small1.jpg
HTTP_REFERER=http://localhost/setaflow/app/index.php/tblUser/admin
---
2014/01/02 16:32:40 [error] [exception.CHttpException.404] exception 'CHttpException' with message 'The system is unable to find the requested action "img".' in /var/www/setaflow/framework/web/CController.php:483
Stack trace:
#0 /var/www/setaflow/framework/web/CController.php(270): CController->missingAction('img')
#1 /var/www/setaflow/framework/web/CWebApplication.php(282): CController->run('img')
#2 /var/www/setaflow/framework/web/CWebApplication.php(141): CWebApplication->runController('tblUser/img/blo...')
#3 /var/www/setaflow/framework/base/CApplication.php(180): CWebApplication->processRequest()
#4 /var/www/setaflow/app/index.php(13): CApplication->run()
#5 {main}
REQUEST_URI=/setaflow/app/index.php/tblUser/img/blog/small2.jpg
HTTP_REFERER=http://localhost/setaflow/app/index.php/tblUser/admin
---
2014/01/02 16:32:40 [error] [exception.CHttpException.404] exception 'CHttpException' with message 'The system is unable to find the requested action "img".' in /var/www/setaflow/framework/web/CController.php:483
Stack trace:
#0 /var/www/setaflow/framework/web/CController.php(270): CController->missingAction('img')
#1 /var/www/setaflow/framework/web/CWebApplication.php(282): CController->run('img')
#2 /var/www/setaflow/framework/web/CWebApplication.php(141): CWebApplication->runController('tblUser/img/blo...')
#3 /var/www/setaflow/framework/base/CApplication.php(180): CWebApplication->processRequest()
#4 /var/www/setaflow/app/index.php(13): CApplication->run()
#5 {main}
REQUEST_URI=/setaflow/app/index.php/tblUser/img/blog/small4.jpg
HTTP_REFERER=http://localhost/setaflow/app/index.php/tblUser/admin
---
2014/01/02 16:32:40 [error] [exception.CHttpException.404] exception 'CHttpException' with message 'The system is unable to find the requested action "img".' in /var/www/setaflow/framework/web/CController.php:483
Stack trace:
#0 /var/www/setaflow/framework/web/CController.php(270): CController->missingAction('img')
#1 /var/www/setaflow/framework/web/CWebApplication.php(282): CController->run('img')
#2 /var/www/setaflow/framework/web/CWebApplication.php(141): CWebApplication->runController('tblUser/img/blo...')
#3 /var/www/setaflow/framework/base/CApplication.php(180): CWebApplication->processRequest()
#4 /var/www/setaflow/app/index.php(13): CApplication->run()
#5 {main}
REQUEST_URI=/setaflow/app/index.php/tblUser/img/blog/small5.jpg
HTTP_REFERER=http://localhost/setaflow/app/index.php/tblUser/admin
---
2014/01/02 16:32:40 [error] [exception.CHttpException.404] exception 'CHttpException' with message 'The system is unable to find the requested action "img".' in /var/www/setaflow/framework/web/CController.php:483
Stack trace:
#0 /var/www/setaflow/framework/web/CController.php(270): CController->missingAction('img')
#1 /var/www/setaflow/framework/web/CWebApplication.php(282): CController->run('img')
#2 /var/www/setaflow/framework/web/CWebApplication.php(141): CWebApplication->runController('tblUser/img/blo...')
#3 /var/www/setaflow/framework/base/CApplication.php(180): CWebApplication->processRequest()
#4 /var/www/setaflow/app/index.php(13): CApplication->run()
#5 {main}
REQUEST_URI=/setaflow/app/index.php/tblUser/img/blog/small3.jpg
HTTP_REFERER=http://localhost/setaflow/app/index.php/tblUser/admin
---
2014/01/02 16:32:41 [error] [exception.CHttpException.404] exception 'CHttpException' with message 'The system is unable to find the requested action "img".' in /var/www/setaflow/framework/web/CController.php:483
Stack trace:
#0 /var/www/setaflow/framework/web/CController.php(270): CController->missingAction('img')
#1 /var/www/setaflow/framework/web/CWebApplication.php(282): CController->run('img')
#2 /var/www/setaflow/framework/web/CWebApplication.php(141): CWebApplication->runController('tblUser/img/blo...')
#3 /var/www/setaflow/framework/base/CApplication.php(180): CWebApplication->processRequest()
#4 /var/www/setaflow/app/index.php(13): CApplication->run()
#5 {main}
REQUEST_URI=/setaflow/app/index.php/tblUser/img/blog/small5.jpg
HTTP_REFERER=http://localhost/setaflow/app/index.php/tblUser/admin
---
2014/01/02 16:32:41 [error] [exception.CHttpException.404] exception 'CHttpException' with message 'The system is unable to find the requested action "img".' in /var/www/setaflow/framework/web/CController.php:483
Stack trace:
#0 /var/www/setaflow/framework/web/CController.php(270): CController->missingAction('img')
#1 /var/www/setaflow/framework/web/CWebApplication.php(282): CController->run('img')
#2 /var/www/setaflow/framework/web/CWebApplication.php(141): CWebApplication->runController('tblUser/img/blo...')
#3 /var/www/setaflow/framework/base/CApplication.php(180): CWebApplication->processRequest()
#4 /var/www/setaflow/app/index.php(13): CApplication->run()
#5 {main}
REQUEST_URI=/setaflow/app/index.php/tblUser/img/blog/small1.jpg
HTTP_REFERER=http://localhost/setaflow/app/index.php/tblUser/admin
---
2014/01/02 16:32:41 [error] [exception.CHttpException.404] exception 'CHttpException' with message 'The system is unable to find the requested action "img".' in /var/www/setaflow/framework/web/CController.php:483
Stack trace:
#0 /var/www/setaflow/framework/web/CController.php(270): CController->missingAction('img')
#1 /var/www/setaflow/framework/web/CWebApplication.php(282): CController->run('img')
#2 /var/www/setaflow/framework/web/CWebApplication.php(141): CWebApplication->runController('tblUser/img/blo...')
#3 /var/www/setaflow/framework/base/CApplication.php(180): CWebApplication->processRequest()
#4 /var/www/setaflow/app/index.php(13): CApplication->run()
#5 {main}
REQUEST_URI=/setaflow/app/index.php/tblUser/img/blog/small4.jpg
HTTP_REFERER=http://localhost/setaflow/app/index.php/tblUser/admin
---
2014/01/02 16:32:41 [error] [exception.CHttpException.404] exception 'CHttpException' with message 'The system is unable to find the requested action "img".' in /var/www/setaflow/framework/web/CController.php:483
Stack trace:
#0 /var/www/setaflow/framework/web/CController.php(270): CController->missingAction('img')
#1 /var/www/setaflow/framework/web/CWebApplication.php(282): CController->run('img')
#2 /var/www/setaflow/framework/web/CWebApplication.php(141): CWebApplication->runController('tblUser/img/blo...')
#3 /var/www/setaflow/framework/base/CApplication.php(180): CWebApplication->processRequest()
#4 /var/www/setaflow/app/index.php(13): CApplication->run()
#5 {main}
REQUEST_URI=/setaflow/app/index.php/tblUser/img/blog/small3.jpg
HTTP_REFERER=http://localhost/setaflow/app/index.php/tblUser/admin
---
2014/01/02 16:32:41 [error] [exception.CHttpException.404] exception 'CHttpException' with message 'The system is unable to find the requested action "img".' in /var/www/setaflow/framework/web/CController.php:483
Stack trace:
#0 /var/www/setaflow/framework/web/CController.php(270): CController->missingAction('img')
#1 /var/www/setaflow/framework/web/CWebApplication.php(282): CController->run('img')
#2 /var/www/setaflow/framework/web/CWebApplication.php(141): CWebApplication->runController('tblUser/img/blo...')
#3 /var/www/setaflow/framework/base/CApplication.php(180): CWebApplication->processRequest()
#4 /var/www/setaflow/app/index.php(13): CApplication->run()
#5 {main}
REQUEST_URI=/setaflow/app/index.php/tblUser/img/blog/small2.jpg
HTTP_REFERER=http://localhost/setaflow/app/index.php/tblUser/admin
---
2014/01/02 16:32:41 [error] [exception.CHttpException.404] exception 'CHttpException' with message 'The system is unable to find the requested action "img".' in /var/www/setaflow/framework/web/CController.php:483
Stack trace:
#0 /var/www/setaflow/framework/web/CController.php(270): CController->missingAction('img')
#1 /var/www/setaflow/framework/web/CWebApplication.php(282): CController->run('img')
#2 /var/www/setaflow/framework/web/CWebApplication.php(141): CWebApplication->runController('tblUser/img/clo...')
#3 /var/www/setaflow/framework/base/CApplication.php(180): CWebApplication->processRequest()
#4 /var/www/setaflow/app/index.php(13): CApplication->run()
#5 {main}
REQUEST_URI=/setaflow/app/index.php/tblUser/img/close.png
HTTP_REFERER=http://localhost/setaflow/app/index.php/tblUser/admin
---
2014/01/02 16:32:41 [error] [exception.CHttpException.404] exception 'CHttpException' with message 'The system is unable to find the requested action "img".' in /var/www/setaflow/framework/web/CController.php:483
Stack trace:
#0 /var/www/setaflow/framework/web/CController.php(270): CController->missingAction('img')
#1 /var/www/setaflow/framework/web/CWebApplication.php(282): CController->run('img')
#2 /var/www/setaflow/framework/web/CWebApplication.php(141): CWebApplication->runController('tblUser/img/loa...')
#3 /var/www/setaflow/framework/base/CApplication.php(180): CWebApplication->processRequest()
#4 /var/www/setaflow/app/index.php(13): CApplication->run()
#5 {main}
REQUEST_URI=/setaflow/app/index.php/tblUser/img/loading.gif
HTTP_REFERER=http://localhost/setaflow/app/index.php/tblUser/admin
---
2014/01/02 16:33:31 [error] [exception.CHttpException.404] exception 'CHttpException' with message 'The requested view "elements" was not found.' in /var/www/setaflow/framework/web/actions/CViewAction.php:112
Stack trace:
#0 /var/www/setaflow/framework/web/actions/CViewAction.php(123): CViewAction->resolveView('elements')
#1 /var/www/setaflow/framework/web/actions/CAction.php(76): CViewAction->run()
#2 /var/www/setaflow/framework/web/CController.php(308): CAction->runWithParams(Array)
#3 /var/www/setaflow/framework/web/CController.php(286): CController->runAction(Object(CViewAction))
#4 /var/www/setaflow/framework/web/CController.php(265): CController->runActionWithFilters(Object(CViewAction), Array)
#5 /var/www/setaflow/framework/web/CWebApplication.php(282): CController->run('page')
#6 /var/www/setaflow/framework/web/CWebApplication.php(141): CWebApplication->runController('site/page')
#7 /var/www/setaflow/framework/base/CApplication.php(180): CWebApplication->processRequest()
#8 /var/www/setaflow/app/index.php(13): CApplication->run()
#9 {main}
REQUEST_URI=/setaflow/app/index.php/site/page?view=elements
HTTP_REFERER=http://localhost/setaflow/app/index.php/tblUser/admin
---
